<?xml version="1.0" encoding="UTF-8"?>
<!-- Generated by org.testng.reporters.JUnitXMLReporter -->
<testsuite hostname="Rabbit-PC" name="SmokeRegistration" tests="10" failures="2" timestamp="21 Mar 2017 05:57:05 GMT" time="725.663" errors="0">
  <testcase name="ui" time="17.269" classname="testscripts.LoginScreenTest"/>
  <testcase name="login" time="86.544" classname="testscripts.LoginScreenTest"/>
  <testcase name="login" time="81.595" classname="testscripts.LoginScreenTest">
    <failure type="org.openqa.selenium.NoSuchElementException" message="An element could not be located on the page using the given search parameters. (WARNING: The server did not provide any stacktrace information)
Command duration or timeout: 178 milliseconds
For documentation on this error, please visit: http://seleniumhq.org/exceptions/no_such_element.html
Build info: version: &amp;apos;2.53.0&amp;apos;, revision: &amp;apos;35ae25b1534ae328c771e0856c93e187490ca824&amp;apos;, time: &amp;apos;2016-03-15 10:43:46&amp;apos;
System info: host: &amp;apos;Rabbit-PC&amp;apos;, ip: &amp;apos;192.168.143.4&amp;apos;, os.name: &amp;apos;Windows 7&amp;apos;, os.arch: &amp;apos;amd64&amp;apos;, os.version: &amp;apos;6.1&amp;apos;, java.version: &amp;apos;1.8.0_121&amp;apos;
Driver info: io.appium.java_client.android.AndroidDriver
Capabilities [{appPackage=co.legion.client.staging, networkConnectionEnabled=true, warnings={}, databaseEnabled=false, deviceName=HNB189WR, platform=LINUX, appActivity=co.legion.client.activities.LegionSplashActivity, desired={appPackage=co.legion.client.staging, appActivity=co.legion.client.activities.LegionSplashActivity, platformVersion=6.0.1, platformName=Android, deviceName=Android, autoAcceptAlerts=true}, platformVersion=6.0, webStorageEnabled=false, locationContextEnabled=false, browserName=Android, takesScreenshot=true, javascriptEnabled=true, platformName=Android, autoAcceptAlerts=true}]
Session ID: 83c54036-0d87-4cde-bebe-b3391bfd1baa
*** Element info: {Using=id, value=co.legion.client.staging:id/usernameErrorText}">
      <![CDATA[org.openqa.selenium.NoSuchElementException: An element could not be located on the page using the given search parameters. (WARNING: The server did not provide any stacktrace information)
Command duration or timeout: 178 milliseconds
For documentation on this error, please visit: http://seleniumhq.org/exceptions/no_such_element.html
Build info: version: '2.53.0', revision: '35ae25b1534ae328c771e0856c93e187490ca824', time: '2016-03-15 10:43:46'
System info: host: 'Rabbit-PC', ip: '192.168.143.4', os.name: 'Windows 7', os.arch: 'amd64', os.version: '6.1', java.version: '1.8.0_121'
Driver info: io.appium.java_client.android.AndroidDriver
Capabilities [{appPackage=co.legion.client.staging, networkConnectionEnabled=true, warnings={}, databaseEnabled=false, deviceName=HNB189WR, platform=LINUX, appActivity=co.legion.client.activities.LegionSplashActivity, desired={appPackage=co.legion.client.staging, appActivity=co.legion.client.activities.LegionSplashActivity, platformVersion=6.0.1, platformName=Android, deviceName=Android, autoAcceptAlerts=true}, platformVersion=6.0, webStorageEnabled=false, locationContextEnabled=false, browserName=Android, takesScreenshot=true, javascriptEnabled=true, platformName=Android, autoAcceptAlerts=true}]
Session ID: 83c54036-0d87-4cde-bebe-b3391bfd1baa
*** Element info: {Using=id, value=co.legion.client.staging:id/usernameErrorText}
	at org.openqa.selenium.remote.ErrorHandler.createThrowable(ErrorHandler.java:206)
	at org.openqa.selenium.remote.ErrorHandler.throwIfResponseFailed(ErrorHandler.java:158)
	at org.openqa.selenium.remote.RemoteWebDriver.execute(RemoteWebDriver.java:678)
	at io.appium.java_client.DefaultGenericMobileDriver.execute(DefaultGenericMobileDriver.java:51)
	at io.appium.java_client.AppiumDriver.execute(AppiumDriver.java:1)
	at io.appium.java_client.android.AndroidDriver.execute(AndroidDriver.java:1)
	at org.openqa.selenium.remote.RemoteWebDriver.findElement(RemoteWebDriver.java:363)
	at io.appium.java_client.DefaultGenericMobileDriver.findElement(DefaultGenericMobileDriver.java:67)
	at io.appium.java_client.AppiumDriver.findElement(AppiumDriver.java:1)
	at io.appium.java_client.android.AndroidDriver.findElement(AndroidDriver.java:1)
	at org.openqa.selenium.remote.RemoteWebDriver.findElementById(RemoteWebDriver.java:413)
	at io.appium.java_client.DefaultGenericMobileDriver.findElementById(DefaultGenericMobileDriver.java:75)
	at io.appium.java_client.AppiumDriver.findElementById(AppiumDriver.java:1)
	at io.appium.java_client.android.AndroidDriver.findElementById(AndroidDriver.java:1)
	at pageobjects.LoginScreenPageObjects.errorText(LoginScreenPageObjects.java:130)
	at testscripts.LoginScreenTest.login(LoginScreenTest.java:105)
... Removed 27 stack frames]]>
    </failure>
  </testcase> <!-- login -->
  <testcase name="login" time="38.627" classname="testscripts.LoginScreenTest"/>
  <testcase name="homeScreen" time="22.018" classname="testscripts.HomeScreenTest"/>
  <testcase name="loginScreen" time="32.152" classname="testscripts.MyProfileTest"/>
  <testcase name="myProfile" time="164.016" classname="testscripts.MyProfileTest"/>
  <testcase name="myProfile" time="154.343" classname="testscripts.MyProfileTest"/>
  <testcase name="myProfile" time="30.708" classname="testscripts.MyProfileTest">
    <failure type="org.openqa.selenium.TimeoutException" message="Timed out after 30 seconds waiting for element to be clickable: By.xpath: //android.widget.TextView[@text=&amp;apos;More&amp;apos;]
Build info: version: &amp;apos;2.53.0&amp;apos;, revision: &amp;apos;35ae25b1534ae328c771e0856c93e187490ca824&amp;apos;, time: &amp;apos;2016-03-15 10:43:46&amp;apos;
System info: host: &amp;apos;Rabbit-PC&amp;apos;, ip: &amp;apos;192.168.143.4&amp;apos;, os.name: &amp;apos;Windows 7&amp;apos;, os.arch: &amp;apos;amd64&amp;apos;, os.version: &amp;apos;6.1&amp;apos;, java.version: &amp;apos;1.8.0_121&amp;apos;
Driver info: io.appium.java_client.android.AndroidDriver
Capabilities [{appPackage=co.legion.client.staging, networkConnectionEnabled=true, warnings={}, databaseEnabled=false, deviceName=HNB189WR, platform=LINUX, appActivity=co.legion.client.activities.LegionSplashActivity, desired={appPackage=co.legion.client.staging, appActivity=co.legion.client.activities.LegionSplashActivity, platformVersion=6.0.1, platformName=Android, deviceName=Android, autoAcceptAlerts=true}, platformVersion=6.0, webStorageEnabled=false, locationContextEnabled=false, browserName=Android, takesScreenshot=true, javascriptEnabled=true, platformName=Android, autoAcceptAlerts=true}]
Session ID: 1b1d8c2d-0926-4f71-b78a-2679a2389371">
      <![CDATA[org.openqa.selenium.TimeoutException: Timed out after 30 seconds waiting for element to be clickable: By.xpath: //android.widget.TextView[@text='More']
Build info: version: '2.53.0', revision: '35ae25b1534ae328c771e0856c93e187490ca824', time: '2016-03-15 10:43:46'
System info: host: 'Rabbit-PC', ip: '192.168.143.4', os.name: 'Windows 7', os.arch: 'amd64', os.version: '6.1', java.version: '1.8.0_121'
Driver info: io.appium.java_client.android.AndroidDriver
Capabilities [{appPackage=co.legion.client.staging, networkConnectionEnabled=true, warnings={}, databaseEnabled=false, deviceName=HNB189WR, platform=LINUX, appActivity=co.legion.client.activities.LegionSplashActivity, desired={appPackage=co.legion.client.staging, appActivity=co.legion.client.activities.LegionSplashActivity, platformVersion=6.0.1, platformName=Android, deviceName=Android, autoAcceptAlerts=true}, platformVersion=6.0, webStorageEnabled=false, locationContextEnabled=false, browserName=Android, takesScreenshot=true, javascriptEnabled=true, platformName=Android, autoAcceptAlerts=true}]
Session ID: 1b1d8c2d-0926-4f71-b78a-2679a2389371
	at org.openqa.selenium.support.ui.WebDriverWait.timeoutException(WebDriverWait.java:80)
	at org.openqa.selenium.support.ui.FluentWait.until(FluentWait.java:261)
	at pageobjects.MyProfilePageObjects.myProfile(MyProfilePageObjects.java:84)
	at testscripts.MyProfileTest.myProfile(MyProfileTest.java:124)
Caused by: org.openqa.selenium.NoSuchElementException: An element could not be located on the page using the given search parameters. (WARNING: The server did not provide any stacktrace information)
Command duration or timeout: 100 milliseconds
For documentation on this error, please visit: http://seleniumhq.org/exceptions/no_such_element.html
Build info: version: '2.53.0', revision: '35ae25b1534ae328c771e0856c93e187490ca824', time: '2016-03-15 10:43:46'
System info: host: 'Rabbit-PC', ip: '192.168.143.4', os.name: 'Windows 7', os.arch: 'amd64', os.version: '6.1', java.version: '1.8.0_121'
Driver info: io.appium.java_client.android.AndroidDriver
Capabilities [{appPackage=co.legion.client.staging, networkConnectionEnabled=true, warnings={}, databaseEnabled=false, deviceName=HNB189WR, platform=LINUX, appActivity=co.legion.client.activities.LegionSplashActivity, desired={appPackage=co.legion.client.staging, appActivity=co.legion.client.activities.LegionSplashActivity, platformVersion=6.0.1, platformName=Android, deviceName=Android, autoAcceptAlerts=true}, platformVersion=6.0, webStorageEnabled=false, locationContextEnabled=false, browserName=Android, takesScreenshot=true, javascriptEnabled=true, platformName=Android, autoAcceptAlerts=true}]
Session ID: 1b1d8c2d-0926-4f71-b78a-2679a2389371
*** Element info: {Using=xpath, value=//android.widget.TextView[@text='More']}
	at org.openqa.selenium.remote.ErrorHandler.createThrowable(ErrorHandler.java:206)
	at org.openqa.selenium.remote.ErrorHandler.throwIfResponseFailed(ErrorHandler.java:158)
	at org.openqa.selenium.remote.RemoteWebDriver.execute(RemoteWebDriver.java:678)
	at io.appium.java_client.DefaultGenericMobileDriver.execute(DefaultGenericMobileDriver.java:51)
	at io.appium.java_client.AppiumDriver.execute(AppiumDriver.java:1)
	at io.appium.java_client.android.AndroidDriver.execute(AndroidDriver.java:1)
	at org.openqa.selenium.remote.RemoteWebDriver.findElement(RemoteWebDriver.java:363)
	at io.appium.java_client.DefaultGenericMobileDriver.findElement(DefaultGenericMobileDriver.java:67)
	at io.appium.java_client.AppiumDriver.findElement(AppiumDriver.java:1)
	at io.appium.java_client.android.AndroidDriver.findElement(AndroidDriver.java:1)
	at org.openqa.selenium.remote.RemoteWebDriver.findElementByXPath(RemoteWebDriver.java:500)
	at io.appium.java_client.DefaultGenericMobileDriver.findElementByXPath(DefaultGenericMobileDriver.java:145)
	at io.appium.java_client.AppiumDriver.findElementByXPath(AppiumDriver.java:1)
	at io.appium.java_client.android.AndroidDriver.findElementByXPath(AndroidDriver.java:1)
	at org.openqa.selenium.By$ByXPath.findElement(By.java:361)
	at org.openqa.selenium.remote.RemoteWebDriver.findElement(RemoteWebDriver.java:355)
	at io.appium.java_client.DefaultGenericMobileDriver.findElement(DefaultGenericMobileDriver.java:63)
	at io.appium.java_client.AppiumDriver.findElement(AppiumDriver.java:1)
	at io.appium.java_client.android.AndroidDriver.findElement(AndroidDriver.java:1)
	at org.openqa.selenium.support.ui.ExpectedConditions.findElement(ExpectedConditions.java:899)
	at org.openqa.selenium.support.ui.ExpectedConditions.access$000(ExpectedConditions.java:41)
	at org.openqa.selenium.support.ui.ExpectedConditions$7.apply(ExpectedConditions.java:205)
	at org.openqa.selenium.support.ui.ExpectedConditions$7.apply(ExpectedConditions.java:201)
	at org.openqa.selenium.support.ui.ExpectedConditions$22.apply(ExpectedConditions.java:653)
	at org.openqa.selenium.support.ui.ExpectedConditions$22.apply(ExpectedConditions.java:646)
	at org.openqa.selenium.support.ui.FluentWait.until(FluentWait.java:238)
	... 26 more
... Removed 27 stack frames]]>
    </failure>
  </testcase> <!-- myProfile -->
  <testcase name="logout" time="14.821" classname="testscripts.MyProfileTest"/>
</testsuite> <!-- SmokeRegistration -->
